<?xml version="1.0" encoding="UTF-8"?>
<!-- Generated by org.testng.reporters.JUnitReportReporter -->
<testsuite hostname="Krishnadass-MacBook-Pro.local" failures="0" tests="1" name="test.API.automation.TC008SearchJSONResp" time="2.095" errors="0" timestamp="07 Oct 2018 00:12:39 GMT" skipped="0">
  <testcase classname="test.API.automation.TC008SearchJSONResp" name="SearchJSONResp" time="2.095"/>
</testsuite> <!-- test.API.automation.TC008SearchJSONResp -->
