<?xml version="1.0" encoding="UTF-8"?>
<!-- Generated by org.testng.reporters.JUnitReportReporter -->
<testsuite hostname="Krishnadass-MacBook-Pro.local" failures="0" tests="1" name="test.API.automation.TC010PostForXML" time="2.551" errors="0" timestamp="07 Oct 2018 03:30:05 GMT" skipped="0">
  <testcase classname="test.API.automation.TC010PostForXML" name="testCase010" time="2.551"/>
</testsuite> <!-- test.API.automation.TC010PostForXML -->
