<?xml version="1.0" encoding="UTF-8"?>
<!-- Generated by org.testng.reporters.JUnitReportReporter -->
<testsuite hostname="Krishnadass-MacBook-Pro.local" failures="0" tests="1" name="test.API.automation.TC006PatchTest" time="1.926" errors="0" timestamp="06 Oct 2018 04:31:34 GMT" skipped="0">
  <testcase classname="test.API.automation.TC006PatchTest" name="fn" time="1.926"/>
</testsuite> <!-- test.API.automation.TC006PatchTest -->
