<?xml version="1.0" encoding="UTF-8"?>
<!-- Generated by org.testng.reporters.JUnitReportReporter -->
<testsuite hostname="Krishnadass-MacBook-Pro.local" failures="0" tests="1" name="test.API.automation.TC009E2EAutomationTest" time="2.829" errors="0" timestamp="08 Oct 2018 21:51:27 GMT" skipped="0">
  <testcase classname="test.API.automation.TC009E2EAutomationTest" name="testCase009" time="2.829"/>
</testsuite> <!-- test.API.automation.TC009E2EAutomationTest -->
