<?xml version="1.0" encoding="UTF-8"?>
<!-- Generated by org.testng.reporters.JUnitReportReporter -->
<testsuite hostname="Krishnadass-MacBook-Pro.local" failures="0" tests="2" name="com.Collections.app.TC001TstNGDtaPrvder" time="0.013" errors="0" timestamp="06 Oct 2018 05:50:19 GMT" skipped="0">
  <testcase classname="com.Collections.app.TC001TstNGDtaPrvder" name="fn1" time="0.011"/>
  <testcase classname="com.Collections.app.TC001TstNGDtaPrvder" name="fn1" time="0.002"/>
</testsuite> <!-- com.Collections.app.TC001TstNGDtaPrvder -->
