<?xml version="1.0" encoding="UTF-8"?>
<!-- Generated by org.testng.reporters.JUnitReportReporter -->
<testsuite hostname="Krishnadass-MacBook-Pro.local" failures="0" tests="1" name="test.API.automation.TC003PostMethodTest" time="1.649" errors="0" timestamp="05 Oct 2018 04:18:42 GMT" skipped="0">
  <testcase classname="test.API.automation.TC003PostMethodTest" name="f" time="1.649"/>
</testsuite> <!-- test.API.automation.TC003PostMethodTest -->
