<?xml version="1.0" encoding="UTF-8"?>
<!-- Generated by org.testng.reporters.JUnitReportReporter -->
<testsuite hostname="Krishnadass-MacBook-Pro.local" failures="0" tests="1" name="test.Selenium.app.TC001SpiceJetHomeTest" time="0.162" errors="0" timestamp="09 Oct 2018 05:38:39 GMT" skipped="0">
  <testcase classname="test.Selenium.app.TC001SpiceJetHomeTest" name="TC001SpiceJet" time="0.162"/>
</testsuite> <!-- test.Selenium.app.TC001SpiceJetHomeTest -->
