<?xml version="1.0" encoding="UTF-8"?>
<!-- Generated by org.testng.reporters.JUnitReportReporter -->
<testsuite hostname="Krishnadass-MacBook-Pro.local" failures="0" tests="1" name="test.API.automation.TC007DeleteTest" time="1.650" errors="0" timestamp="06 Oct 2018 04:42:13 GMT" skipped="0">
  <testcase classname="test.API.automation.TC007DeleteTest" name="TC007DelTest" time="1.650"/>
</testsuite> <!-- test.API.automation.TC007DeleteTest -->
