<?xml version="1.0" encoding="UTF-8"?>
<!-- Generated by org.testng.reporters.JUnitReportReporter -->
<testsuite hostname="Krishnadass-MacBook-Pro.local" failures="0" tests="1" name="test.API.automation.TC002BDDOptions" time="1.763" errors="0" timestamp="04 Oct 2018 23:36:06 GMT" skipped="0">
  <testcase classname="test.API.automation.TC002BDDOptions" name="f" time="1.763"/>
</testsuite> <!-- test.API.automation.TC002BDDOptions -->
