<?xml version="1.0" encoding="UTF-8"?>
<!-- Generated by org.testng.reporters.JUnitReportReporter -->
<testsuite hostname="Krishnadass-MacBook-Pro.local" failures="0" tests="1" name="test.API.automation.TC001GetMethod" time="1.767" errors="0" timestamp="04 Oct 2018 23:17:39 GMT" skipped="0">
  <testcase classname="test.API.automation.TC001GetMethod" name="tc_001_getMethod_validation" time="1.767"/>
</testsuite> <!-- test.API.automation.TC001GetMethod -->
