<?xml version="1.0" encoding="UTF-8"?>
<!-- Generated by org.testng.reporters.JUnitReportReporter -->
<testsuite hostname="Krishnadass-MacBook-Pro.local" failures="0" tests="1" name="com.KrishnaComp.app.SeleniumTest" time="0.001" errors="0" timestamp="04 Oct 2018 23:07:32 GMT" skipped="0">
  <testcase classname="com.KrishnaComp.app.SeleniumTest" name="f" time="0.001"/>
</testsuite> <!-- com.KrishnaComp.app.SeleniumTest -->
